04-08-25 | 22:51:33 |  [Errno 22] Invalid argument: 'UPLOADS\\DOWNLOAD_RELATORIOS\\csv\relatorio.csv' C:\Users\heito\REPO\Watchdog_servicesmsc\teste_servicesmsc\UPLOADS\UPLOAD_RELATORIOS\REFEI합ES JANEIRO 2025 -29.30 E 311 - Copia.xltx 
04-08-25 | 22:51:33 |  [Errno 22] Invalid argument: 'UPLOADS\\DOWNLOAD_RELATORIOS\\csv\relatorio.csv' C:\Users\heito\REPO\Watchdog_servicesmsc\teste_servicesmsc\UPLOADS\UPLOAD_RELATORIOS\REFEI합ES JANEIRO 2025 -29.30 E 311 - Copia.xltx 
04-08-25 | 22:53:09 |  [Errno 2] No such file or directory: 'C:\\Users\\heito\\REPO\\Watchdog_servicesmsc\\teste_servicesmsc\\UPLOADS\\DOWNLOAD_RELATORIOS\\csv\\relatorio.csv' C:\Users\heito\REPO\Watchdog_servicesmsc\teste_servicesmsc\UPLOADS\UPLOAD_RELATORIOS\REFEI합ES JANEIRO 2025 -29.30 E 311 - Copia.xltx 
04-08-25 | 22:53:09 |  [Errno 2] No such file or directory: 'C:\\Users\\heito\\REPO\\Watchdog_servicesmsc\\teste_servicesmsc\\UPLOADS\\DOWNLOAD_RELATORIOS\\csv\\relatorio.csv' C:\Users\heito\REPO\Watchdog_servicesmsc\teste_servicesmsc\UPLOADS\UPLOAD_RELATORIOS\REFEI합ES JANEIRO 2025 -29.30 E 311 - Copia.xltx 
04-08-25 | 22:54:27 |  [Errno 2] No such file or directory: 'C:\\Users\\heito\\REPO\\Watchdog_servicesmsc\\teste_servicesmsc\\UPLOADS\\DOWNLOAD_RELATORIOS\\csv\\relatorio.csv' C:\Users\heito\REPO\Watchdog_servicesmsc\teste_servicesmsc\UPLOADS\UPLOAD_RELATORIOS\REFEI합ES JANEIRO 2025 -29.30 E 311 - Copia.xltx 
04-08-25 | 22:54:27 |  [Errno 2] No such file or directory: 'C:\\Users\\heito\\REPO\\Watchdog_servicesmsc\\teste_servicesmsc\\UPLOADS\\DOWNLOAD_RELATORIOS\\csv\\relatorio.csv' C:\Users\heito\REPO\Watchdog_servicesmsc\teste_servicesmsc\UPLOADS\UPLOAD_RELATORIOS\REFEI합ES JANEIRO 2025 -29.30 E 311 - Copia.xltx 
04-08-25 | 22:55:11 |  [Errno 2] No such file or directory: 'C:\\Users\\heito\\REPO\\Watchdog_servicesmsc\\teste_servicesmsc\\UPLOADS\\DOWNLOAD_RELATORIOS\\csv\\relatorio.csv' C:\Users\heito\REPO\Watchdog_servicesmsc\teste_servicesmsc\UPLOADS\UPLOAD_RELATORIOS\REFEI합ES JANEIRO 2025 -29.30 E 311 - Copia.xltx 
04-08-25 | 22:57:40 |  [Errno 2] No such file or directory: 'C:\\Users\\heito\\REPO\\Watchdog_servicesmsc\\teste_servicesmsc\\UPLOADS\\DOWNLOAD_RELATORIOS\\csv\\relatorio.csv' C:\Users\heito\REPO\Watchdog_servicesmsc\teste_servicesmsc\UPLOADS\UPLOAD_RELATORIOS\REFEI합ES JANEIRO 2025 -29.30 E 311 - Copia.xltx 
04-08-25 | 22:58:30 |  [Errno 2] No such file or directory: 'C:\\Users\\heito\\REPO\\Watchdog_servicesmsc\\teste_servicesmsc\\UPLOADS\\DOWNLOAD_RELATORIOS\\csv\\relatorio.csv' C:\Users\heito\REPO\Watchdog_servicesmsc\teste_servicesmsc\UPLOADS\UPLOAD_RELATORIOS\REFEI합ES JANEIRO 2025 -29.30 E 311 - Copia.xltx 
04-08-25 | 23:38:35 |  unsupported operand type(s) for +=: 'int' and 'str' C:\Users\heito\REPO\Watchdog_servicesmsc\teste_servicesmsc\UPLOADS\UPLOAD_RELATORIOS\REFEI합ES JANEIRO 2025 -29.30 E 311 - Copia.xltx 
04-08-25 | 23:38:35 |  [Errno 13] Permission denied: 'UPLOADS\\UPLOAD_RELATORIOS\\REFEI합ES JANEIRO 2025 -29.30 E 31.xltx' C:\Users\heito\REPO\Watchdog_servicesmsc\teste_servicesmsc\UPLOADS\UPLOAD_RELATORIOS\REFEI합ES JANEIRO 2025 -29.30 E 31.xltx 
04-08-25 | 23:39:53 |  unsupported operand type(s) for +=: 'int' and 'str' C:\Users\heito\REPO\Watchdog_servicesmsc\teste_servicesmsc\UPLOADS\UPLOAD_RELATORIOS\REFEI합ES JANEIRO 2025 -29.30 E 311 - Copia.xltx 
04-08-25 | 23:40:51 |  unsupported operand type(s) for +=: 'int' and 'str' C:\Users\heito\REPO\Watchdog_servicesmsc\teste_servicesmsc\UPLOADS\UPLOAD_RELATORIOS\REFEI합ES JANEIRO 2025 -29.30 E 311 - Copia.xltx 
04-08-25 | 23:49:50 |  unsupported operand type(s) for +: 'int' and 'str' C:\Users\heito\REPO\Watchdog_servicesmsc\teste_servicesmsc\UPLOADS\UPLOAD_RELATORIOS\REFEI합ES JANEIRO 2025 -29.30 E 311 - Copia.xltx 
04-08-25 | 23:53:10 |  unsupported operand type(s) for +: 'int' and 'str' C:\Users\heito\REPO\Watchdog_servicesmsc\teste_servicesmsc\UPLOADS\UPLOAD_RELATORIOS\REFEI합ES JANEIRO 2025 -29.30 E 311 - Copia.xltx 
05-08-25 | 00:02:22 |  [Errno 13] Permission denied: 'UPLOADS\\UPLOAD_RELATORIOS\\REFEI합ES JANEIRO 2025 -29.30 E 31 - Copia.xltx' C:\Users\heito\REPO\Watchdog_servicesmsc\teste_servicesmsc\UPLOADS\UPLOAD_RELATORIOS\REFEI합ES JANEIRO 2025 -29.30 E 31 - Copia.xltx 
05-08-25 | 00:07:27 |  can only concatenate list (not "int") to list C:\Users\heito\REPO\Watchdog_servicesmsc\teste_servicesmsc\UPLOADS\UPLOAD_RELATORIOS\REFEI합ES JANEIRO 2025 -29.30 E 311 - Copia.xltx 
05-08-25 | 00:11:13 |  [Errno 13] Permission denied: 'UPLOADS\\UPLOAD_RELATORIOS\\REFEI합ES JANEIRO 2025 -29.30 E 311 - Copia.xltx' C:\Users\heito\REPO\Watchdog_servicesmsc\teste_servicesmsc\UPLOADS\UPLOAD_RELATORIOS\REFEI합ES JANEIRO 2025 -29.30 E 311 - Copia.xltx 
05-08-25 | 00:26:48 |  can only concatenate list (not "int") to list C:\Users\heito\REPO\Watchdog_servicesmsc\teste_servicesmsc\UPLOADS\UPLOAD_RELATORIOS\REFEI합ES JANEIRO 2025 -29.30 E 311 - Copia.xltx 
05-08-25 | 00:29:34 |  cannot access local variable 'coluna' where it is not associated with a value C:\Users\heito\REPO\Watchdog_servicesmsc\teste_servicesmsc\UPLOADS\UPLOAD_RELATORIOS\REFEI합ES JANEIRO 2025 -29.30 E 311 - Copia.xltx 
